<?xml version="1.0" encoding="UTF-8"?>
<!-- Generated by org.testng.reporters.JUnitReportReporter -->
<testsuite hostname="DESKTOP-19250K0" failures="0" tests="2" name="com.it_academy.tests.onliner.OnlinerSushiVeslaProductTest" time="6.271" errors="0" timestamp="2022-03-23T12:19:22 MSK" skipped="0">
  <testcase classname="com.it_academy.tests.onliner.OnlinerSushiVeslaProductTest" name="testProductsFilteredByCertainFilter" time="1.699"/>
  <system-out/>
  <testcase classname="com.it_academy.tests.onliner.OnlinerSushiVeslaProductTest" name="testEachProductHasName" time="4.572"/>
  <system-out/>
</testsuite> <!-- com.it_academy.tests.onliner.OnlinerSushiVeslaProductTest -->
